{
  "RSpec": {
    "coverage": {
      "/Users/jenniferli/Desktop/codecore/jan-2016/web/fundsy/spec/controllers/campaigns_controller_spec.rb": [
        1,
        null,
        1,
        null,
        24,
        17,
        3,
        null,
        null,
        null,
        null,
        null,
        1,
        1,
        null,
        1,
        null,
        null,
        null,
        null,
        1,
        null,
        null,
        1,
        1,
        1,
        null,
        null,
        null,
        1,
        7,
        1,
        1,
        3,
        null,
        null,
        null,
        null,
        1,
        1,
        1,
        1,
        1,
        null,
        null,
        1,
        1,
        1,
        null,
        null,
        1,
        1,
        1,
        null,
        null,
        null,
        1,
        null,
        1,
        3,
        null,
        null,
        null,
        null,
        1,
        1,
        1,
        1,
        1,
        null,
        null,
        1,
        1,
        1,
        null,
        null,
        1,
        1,
        1,
        null,
        null,
        null,
        null,
        1,
        1,
        null,
        3,
        null,
        3,
        null,
        null,
        1,
        null,
        1,
        null,
        null,
        1,
        null,
        1,
        null,
        null,
        1,
        2,
        null,
        null,
        null,
        1,
        1,
        1,
        1,
        null,
        null,
        1,
        1,
        1,
        null,
        null,
        null,
        1,
        1,
        2,
        null,
        null,
        1,
        1,
        null,
        null,
        1,
        1,
        null,
        null,
        null,
        1,
        1,
        1,
        null,
        3,
        null,
        null,
        1,
        1,
        null,
        null,
        1,
        1,
        null,
        null,
        1,
        1,
        null,
        null,
        null,
        1,
        1,
        3,
        3,
        null,
        null,
        1,
        null,
        null,
        1,
        null,
        1,
        1,
        null,
        null,
        1,
        1,
        null,
        null,
        null,
        null,
        1,
        1,
        5,
        1,
        null,
        1,
        null,
        null,
        1,
        1,
        1,
        1,
        null,
        null,
        1,
        1,
        1,
        null,
        null,
        1,
        1,
        1,
        null,
        null,
        1,
        1,
        1,
        null,
        null,
        null,
        null,
        1,
        1,
        1,
        1,
        null,
        null,
        null,
        null
      ],
      "/Users/jenniferli/Desktop/codecore/jan-2016/web/fundsy/spec/rails_helper.rb": [
        null,
        1,
        1,
        null,
        1,
        1,
        1,
        1,
        1,
        1,
        1,
        null,
        null,
        null,
        null,
        null,
        null,
        null,
        null,
        null,
        null,
        null,
        null,
        null,
        null,
        null,
        null,
        2,
        null,
        null,
        null,
        1,
        null,
        1,
        1,
        null,
        1,
        null,
        null,
        null,
        null,
        1,
        null,
        null,
        null,
        null,
        null,
        null,
        null,
        null,
        null,
        null,
        null,
        null,
        null,
        null,
        1,
        null,
        null,
        1,
        null,
        null,
        null
      ],
      "/Users/jenniferli/Desktop/codecore/jan-2016/web/fundsy/config/environment.rb": [
        null,
        1,
        null,
        null,
        1
      ],
      "/Users/jenniferli/Desktop/codecore/jan-2016/web/fundsy/config/application.rb": [
        1,
        null,
        1,
        null,
        1,
        1,
        1,
        1,
        1,
        1,
        1,
        null,
        null,
        null,
        null,
        1,
        null,
        1,
        1,
        null,
        null,
        null,
        null,
        null,
        null,
        null,
        null,
        null,
        null,
        null,
        null,
        null,
        1,
        null,
        null
      ],
      "/Users/jenniferli/Desktop/codecore/jan-2016/web/fundsy/config/boot.rb": [
        1,
        null,
        1
      ],
      "/Users/jenniferli/Desktop/codecore/jan-2016/web/fundsy/config/environments/test.rb": [
        1,
        null,
        null,
        null,
        null,
        null,
        null,
        1,
        null,
        null,
        null,
        null,
        1,
        null,
        null,
        1,
        1,
        null,
        null,
        1,
        1,
        null,
        null,
        1,
        null,
        null,
        1,
        null,
        null,
        null,
        null,
        1,
        null,
        null,
        1,
        null,
        null,
        1,
        null,
        null,
        null,
        null,
        null
      ],
      "/Users/jenniferli/Desktop/codecore/jan-2016/web/fundsy/config/initializers/assets.rb": [
        null,
        null,
        null,
        1,
        null,
        null,
        null,
        null,
        null,
        null,
        null
      ],
      "/Users/jenniferli/Desktop/codecore/jan-2016/web/fundsy/config/initializers/backtrace_silencers.rb": [
        null,
        null,
        null,
        null,
        null,
        null,
        null
      ],
      "/Users/jenniferli/Desktop/codecore/jan-2016/web/fundsy/config/initializers/cookies_serializer.rb": [
        null,
        null,
        1
      ],
      "/Users/jenniferli/Desktop/codecore/jan-2016/web/fundsy/config/initializers/filter_parameter_logging.rb": [
        null,
        null,
        null,
        1
      ],
      "/Users/jenniferli/Desktop/codecore/jan-2016/web/fundsy/config/initializers/friendly_id.rb": [
        null,
        null,
        null,
        null,
        null,
        null,
        null,
        null,
        null,
        null,
        null,
        1,
        null,
        null,
        null,
        null,
        1,
        null,
        1,
        null,
        null,
        null,
        null,
        null,
        null,
        null,
        null,
        null,
        null,
        null,
        null,
        null,
        null,
        null,
        null,
        null,
        null,
        null,
        null,
        null,
        null,
        null,
        null,
        null,
        null,
        null,
        null,
        null,
        null,
        null,
        null,
        null,
        null,
        null,
        null,
        null,
        null,
        null,
        null,
        null,
        null,
        null,
        null,
        null,
        null,
        null,
        null,
        null,
        null,
        null,
        null,
        null,
        null,
        null,
        null,
        null,
        null,
        null,
        null,
        null,
        null,
        null,
        null,
        null,
        null,
        null,
        null,
        null
      ],
      "/Users/jenniferli/Desktop/codecore/jan-2016/web/fundsy/config/initializers/inflections.rb": [
        null,
        null,
        null,
        null,
        null,
        null,
        null,
        null,
        null,
        null,
        null,
        null,
        null,
        null,
        null,
        null
      ],
      "/Users/jenniferli/Desktop/codecore/jan-2016/web/fundsy/config/initializers/mime_types.rb": [
        null,
        null,
        null,
        null
      ],
      "/Users/jenniferli/Desktop/codecore/jan-2016/web/fundsy/config/initializers/session_store.rb": [
        null,
        null,
        1
      ],
      "/Users/jenniferli/Desktop/codecore/jan-2016/web/fundsy/config/initializers/simple_form.rb": [
        null,
        1,
        null,
        null,
        null,
        null,
        null,
        1,
        null,
        null,
        null,
        null,
        null,
        null,
        null,
        null,
        null,
        1,
        null,
        null,
        null,
        1,
        null,
        null,
        null,
        null,
        null,
        null,
        null,
        null,
        1,
        null,
        null,
        1,
        null,
        null,
        1,
        null,
        null,
        1,
        null,
        null,
        1,
        1,
        1,
        null,
        null,
        null,
        null,
        null,
        null,
        null,
        null,
        null,
        1,
        null,
        null,
        null,
        null,
        null,
        1,
        null,
        null,
        1,
        null,
        null,
        null,
        null,
        null,
        null,
        null,
        1,
        null,
        null,
        1,
        null,
        null,
        null,
        null,
        null,
        null,
        null,
        null,
        null,
        null,
        null,
        null,
        null,
        null,
        null,
        null,
        null,
        null,
        null,
        null,
        null,
        null,
        null,
        null,
        null,
        null,
        null,
        null,
        null,
        null,
        null,
        null,
        null,
        null,
        null,
        null,
        null,
        null,
        null,
        null,
        null,
        null,
        null,
        null,
        1,
        null,
        null,
        null,
        null,
        null,
        null,
        null,
        null,
        null,
        null,
        null,
        null,
        null,
        null,
        null,
        null,
        null,
        null,
        null,
        null,
        null,
        null,
        null,
        null,
        null,
        null,
        null,
        null,
        null,
        null,
        null,
        null,
        null,
        null,
        null,
        null,
        1,
        null,
        null,
        null,
        null,
        null,
        null,
        null,
        null
      ],
      "/Users/jenniferli/Desktop/codecore/jan-2016/web/fundsy/config/initializers/simple_form_bootstrap.rb": [
        null,
        1,
        1,
        1,
        1,
        null,
        1,
        1,
        1,
        1,
        1,
        1,
        1,
        1,
        null,
        1,
        1,
        1,
        null,
        null,
        1,
        1,
        1,
        1,
        1,
        1,
        null,
        1,
        1,
        1,
        null,
        null,
        1,
        1,
        1,
        null,
        1,
        1,
        null,
        null,
        1,
        1,
        null,
        null,
        1,
        1,
        1,
        1,
        1,
        1,
        1,
        null,
        null,
        1,
        1,
        1,
        1,
        1,
        1,
        1,
        1,
        null,
        1,
        1,
        1,
        1,
        null,
        null,
        null,
        1,
        1,
        1,
        1,
        1,
        1,
        null,
        1,
        1,
        1,
        1,
        null,
        null,
        null,
        1,
        1,
        1,
        null,
        1,
        1,
        1,
        null,
        null,
        1,
        1,
        null,
        null,
        null,
        1,
        1,
        1,
        null,
        1,
        null,
        1,
        1,
        1,
        1,
        null,
        null,
        null,
        1,
        1,
        1,
        1,
        1,
        1,
        1,
        1,
        null,
        1,
        1,
        1,
        null,
        null,
        1,
        1,
        1,
        1,
        1,
        1,
        1,
        1,
        null,
        null,
        null,
        null,
        null,
        null,
        1,
        1,
        null,
        null,
        null,
        null,
        null,
        null,
        null,
        null,
        null
      ],
      "/Users/jenniferli/Desktop/codecore/jan-2016/web/fundsy/config/initializers/wrap_parameters.rb": [
        null,
        null,
        null,
        null,
        null,
        null,
        1,
        1,
        null,
        null,
        null,
        null,
        null,
        null
      ],
      "/Users/jenniferli/Desktop/codecore/jan-2016/web/fundsy/spec/factories/campaigns.rb": [
        null,
        null,
        1,
        1,
        1,
        null,
        null,
        null,
        null,
        null,
        27,
        27,
        1,
        1,
        null,
        null
      ],
      "/Users/jenniferli/Desktop/codecore/jan-2016/web/fundsy/spec/factories/pledges.rb": [
        1,
        1,
        null,
        null,
        1,
        1,
        8,
        null,
        null
      ],
      "/Users/jenniferli/Desktop/codecore/jan-2016/web/fundsy/spec/factories/users.rb": [
        1,
        1,
        64,
        63,
        61,
        61,
        null,
        null
      ],
      "/Users/jenniferli/Desktop/codecore/jan-2016/web/fundsy/config/routes.rb": [
        1,
        null,
        null,
        null,
        1,
        null,
        1,
        1,
        null,
        null,
        1,
        1,
        1,
        null,
        null,
        null,
        null,
        null,
        null,
        null,
        null,
        null,
        null,
        null,
        null,
        null,
        null,
        null,
        null,
        null,
        null,
        null,
        null,
        null,
        null,
        null,
        null,
        null,
        null,
        null,
        null,
        null,
        null,
        null,
        null,
        null,
        null,
        null,
        null,
        null,
        null,
        null,
        null,
        null,
        null,
        null,
        null,
        null,
        null,
        null,
        null,
        null,
        null,
        null,
        null,
        null
      ],
      "/Users/jenniferli/Desktop/codecore/jan-2016/web/fundsy/app/helpers/application_helper.rb": [
        1,
        1,
        0,
        null,
        null
      ],
      "/Users/jenniferli/Desktop/codecore/jan-2016/web/fundsy/app/helpers/campaigns_helper.rb": [
        1,
        null
      ],
      "/Users/jenniferli/Desktop/codecore/jan-2016/web/fundsy/app/helpers/pledges_helper.rb": [
        1,
        null
      ],
      "/Users/jenniferli/Desktop/codecore/jan-2016/web/fundsy/app/helpers/sessions_helper.rb": [
        1,
        null
      ],
      "/Users/jenniferli/Desktop/codecore/jan-2016/web/fundsy/app/helpers/users_helper.rb": [
        1,
        null
      ],
      "/Users/jenniferli/Desktop/codecore/jan-2016/web/fundsy/spec/support/login_helper.rb": [
        1,
        1,
        15,
        null,
        null
      ],
      "/Users/jenniferli/Desktop/codecore/jan-2016/web/fundsy/app/controllers/campaigns_controller.rb": [
        1,
        null,
        1,
        null,
        1,
        2,
        null,
        null,
        1,
        6,
        6,
        6,
        6,
        3,
        3,
        null,
        3,
        3,
        null,
        null,
        null,
        1,
        null,
        null,
        null,
        null,
        null,
        1,
        8,
        null,
        null,
        1,
        null,
        null,
        1,
        null,
        null,
        null,
        6,
        6,
        null,
        6,
        3,
        null,
        3,
        3,
        null,
        null,
        null,
        1,
        5,
        4,
        3,
        3,
        3,
        null,
        1,
        null,
        null,
        null,
        1,
        1,
        12,
        null,
        null
      ],
      "/Users/jenniferli/Desktop/codecore/jan-2016/web/fundsy/app/controllers/application_controller.rb": [
        1,
        null,
        null,
        1,
        null,
        1,
        17,
        null,
        1,
        null,
        1,
        37,
        null,
        1,
        null,
        1,
        7,
        null,
        null,
        1,
        4,
        null,
        null
      ],
      "/Users/jenniferli/Desktop/codecore/jan-2016/web/fundsy/spec/controllers/pledges_controller_spec.rb": [
        1,
        null,
        1,
        7,
        7,
        4,
        2,
        null,
        1,
        1,
        1,
        1,
        null,
        1,
        null,
        null,
        null,
        1,
        3,
        null,
        1,
        1,
        2,
        null,
        null,
        null,
        1,
        1,
        1,
        1,
        1,
        null,
        null,
        1,
        1,
        1,
        null,
        null,
        1,
        1,
        null,
        null,
        1,
        null,
        null,
        null,
        null,
        null,
        1,
        1,
        1,
        1,
        1,
        null,
        null,
        1,
        4,
        1,
        1,
        1,
        1,
        1,
        1,
        1,
        null,
        1,
        1,
        1,
        null,
        null,
        null,
        1,
        1,
        1,
        1,
        null,
        null,
        null,
        null,
        null,
        null
      ],
      "/Users/jenniferli/Desktop/codecore/jan-2016/web/fundsy/app/controllers/pledges_controller.rb": [
        1,
        1,
        1,
        1,
        2,
        null,
        2,
        2,
        2,
        2,
        2,
        null,
        null,
        1,
        3,
        3,
        2,
        2,
        null,
        0,
        null,
        null,
        null,
        1,
        null,
        1,
        2,
        null,
        null,
        1,
        3,
        null,
        null
      ],
      "/Users/jenniferli/Desktop/codecore/jan-2016/web/fundsy/spec/controllers/sessions_controller_spec.rb": [
        1,
        null,
        1,
        null,
        7,
        null,
        1,
        1,
        1,
        1,
        null,
        null,
        null,
        1,
        1,
        1,
        3,
        null,
        1,
        1,
        1,
        null,
        null,
        1,
        1,
        1,
        null,
        null,
        1,
        1,
        1,
        null,
        null,
        null,
        1,
        1,
        3,
        3,
        null,
        1,
        1,
        1,
        null,
        null,
        1,
        1,
        1,
        null,
        null,
        1,
        1,
        1,
        null,
        null,
        null,
        null,
        1,
        1,
        3,
        3,
        3,
        null,
        null,
        1,
        1,
        null,
        null,
        1,
        1,
        null,
        null,
        1,
        1,
        null,
        null,
        null
      ],
      "/Users/jenniferli/Desktop/codecore/jan-2016/web/fundsy/app/controllers/sessions_controller.rb": [
        1,
        1,
        null,
        null,
        1,
        8,
        8,
        4,
        4,
        null,
        4,
        4,
        null,
        null,
        null,
        1,
        3,
        3,
        null,
        null,
        null
      ],
      "/Users/jenniferli/Desktop/codecore/jan-2016/web/fundsy/spec/controllers/users_controller_spec.rb": [
        1,
        null,
        1,
        1,
        1,
        1,
        1,
        null,
        1,
        1,
        1,
        null,
        null,
        null,
        1,
        1,
        1,
        4,
        null,
        null,
        1,
        1,
        1,
        1,
        1,
        null,
        null,
        1,
        1,
        1,
        null,
        null,
        1,
        1,
        1,
        null,
        null,
        1,
        1,
        1,
        null,
        null,
        null,
        1,
        1,
        3,
        null,
        null,
        1,
        1,
        1,
        1,
        1,
        null,
        null,
        1,
        1,
        1,
        null,
        null,
        1,
        1,
        1,
        null,
        null,
        null,
        null,
        null,
        null,
        null
      ],
      "/Users/jenniferli/Desktop/codecore/jan-2016/web/fundsy/app/controllers/users_controller.rb": [
        1,
        null,
        1,
        4,
        null,
        null,
        1,
        9,
        9,
        5,
        5,
        null,
        4,
        4,
        null,
        null,
        null,
        1,
        null,
        1,
        9,
        null,
        null
      ],
      "/Users/jenniferli/Desktop/codecore/jan-2016/web/fundsy/spec/features/campaigns_spec.rb": [
        1,
        null,
        1,
        1,
        1,
        null,
        null,
        1,
        null,
        null,
        null,
        1,
        null,
        null,
        1,
        1,
        1,
        null,
        null,
        1,
        1,
        1,
        null,
        null,
        1,
        1,
        1,
        null,
        null,
        1,
        null,
        null,
        null,
        null
      ],
      "/Users/jenniferli/Desktop/codecore/jan-2016/web/fundsy/spec/features/sessions_spec.rb": [
        1,
        null,
        1,
        1,
        1,
        null,
        1,
        1,
        null,
        1,
        1,
        null,
        1,
        null,
        1,
        1,
        1,
        null,
        null,
        1,
        1,
        1,
        1,
        null,
        1,
        1,
        1,
        null,
        1,
        1,
        null,
        null,
        null,
        null
      ],
      "/Users/jenniferli/Desktop/codecore/jan-2016/web/fundsy/spec/features/users_spec.rb": [
        1,
        null,
        1,
        1,
        1,
        1,
        null,
        1,
        null,
        1,
        null,
        1,
        1,
        1,
        1,
        1,
        null,
        1,
        1,
        null,
        1,
        1,
        1,
        null,
        null,
        null,
        1,
        1,
        1,
        1,
        null,
        1,
        1,
        1,
        null,
        null,
        null,
        null,
        null,
        null
      ],
      "/Users/jenniferli/Desktop/codecore/jan-2016/web/fundsy/spec/helpers/pledges_helper_spec.rb": [
        1,
        null,
        null,
        null,
        null,
        null,
        null,
        null,
        null,
        null,
        null,
        null,
        1,
        1,
        null
      ],
      "/Users/jenniferli/Desktop/codecore/jan-2016/web/fundsy/spec/models/campaign_spec.rb": [
        1,
        null,
        1,
        null,
        1,
        null,
        null,
        null,
        null,
        1,
        null,
        null,
        1,
        null,
        1,
        null,
        1,
        null,
        null,
        1,
        null,
        1,
        null,
        1,
        null,
        1,
        null,
        null,
        null,
        null,
        1,
        1,
        1,
        1,
        null,
        null,
        1,
        null,
        1,
        1,
        null,
        null,
        1,
        null,
        1,
        null,
        null,
        null,
        null,
        null
      ],
      "/Users/jenniferli/Desktop/codecore/jan-2016/web/fundsy/app/models/campaign.rb": [
        1,
        null,
        null,
        null,
        1,
        1,
        null,
        1,
        1,
        null,
        1,
        1,
        null,
        null,
        null,
        null,
        null,
        null,
        null,
        null,
        null,
        null,
        null,
        null,
        null,
        null
      ],
      "/Users/jenniferli/Desktop/codecore/jan-2016/web/fundsy/spec/models/pledge_spec.rb": [
        1,
        null,
        1,
        1,
        null
      ],
      "/Users/jenniferli/Desktop/codecore/jan-2016/web/fundsy/app/models/pledge.rb": [
        1,
        1,
        1,
        null,
        null
      ],
      "/Users/jenniferli/Desktop/codecore/jan-2016/web/fundsy/spec/models/user_spec.rb": [
        1,
        null,
        1,
        1,
        1,
        null,
        1,
        null,
        1,
        null,
        1,
        null,
        null,
        1,
        1,
        1,
        1,
        null,
        null,
        1,
        1,
        1,
        1,
        null,
        null,
        1,
        null,
        1,
        1,
        null,
        1,
        1,
        null,
        1,
        null,
        null,
        null,
        null,
        1,
        1,
        1,
        1,
        null,
        null,
        1,
        1,
        1,
        null,
        null,
        null,
        1,
        1,
        1,
        1,
        null,
        null,
        null
      ],
      "/Users/jenniferli/Desktop/codecore/jan-2016/web/fundsy/app/models/user.rb": [
        1,
        1,
        1,
        null,
        1,
        1,
        null,
        1,
        null,
        null,
        1,
        6,
        null,
        null
      ]
    },
    "timestamp": 1457032364
  }
}
